INFO:root:Умноженный на константу список: [294, 297, 300, 0, 3, 6, 9, 12, 15, 18, 21, 24, 27]

INFO:root:backgroundTask etap: 0

INFO:root:Умноженный на константу список: [294, 297, 300, 0, 3, 6, 9, 12, 15, 18, 21, 24, 27]

INFO:root:Умноженный на константу список: [294, 297, 300, 0, 3, 6, 9, 12, 15, 18, 21, 24, 27]

INFO:root:backgroundTask etap: 1

INFO:root:Умноженный на константу список: [294, 297, 300, 0, 3, 6, 9, 12, 15, 18, 21, 24, 27]

INFO:root:Умноженный на константу список: [294, 297, 300, 0, 3, 6, 9, 12, 15, 18, 21, 24, 27]

INFO:root:backgroundTask etap: 2

INFO:root:Умноженный на константу список: [294, 297, 300, 0, 3, 6, 9, 12, 15, 18, 21, 24, 27]

INFO:root:Умноженный на константу список: [294, 297, 300, 0, 3, 6, 9, 12, 15, 18, 21, 24, 27]

INFO:root:backgroundTask etap: 3

INFO:root:Умноженный на константу список: [294, 297, 300, 0, 3, 6, 9, 12, 15, 18, 21, 24, 27]

INFO:root:Умноженный на константу список: [294, 297, 300, 0, 3, 6, 9, 12, 15, 18, 21, 24, 27]

INFO:root:backgroundTask etap: 4

INFO:root:Умноженный на константу список: [294, 297, 300, 0, 3, 6, 9, 12, 15, 18, 21, 24, 27]

INFO:root:Умноженный на константу список: [294, 297, 300, 0, 3, 6, 9, 12, 15, 18, 21, 24, 27]

INFO:root:backgroundTask etap: 5

INFO:root:Умноженный на константу список: [294, 297, 300, 0, 3, 6, 9, 12, 15, 18, 21, 24, 27]

INFO:root:Умноженный на константу список: [294, 297, 300, 0, 3, 6, 9, 12, 15, 18, 21, 24, 27]

INFO:root:backgroundTask etap: 6

INFO:root:Умноженный на константу список: [294, 297, 300, 0, 3, 6, 9, 12, 15, 18, 21, 24, 27]

INFO:root:Умноженный на константу список: [294, 297, 300, 0, 3, 6, 9, 12, 15, 18, 21, 24, 27]

INFO:root:backgroundTask etap: 7

INFO:root:Умноженный на константу список: [294, 297, 300, 0, 3, 6, 9, 12, 15, 18, 21, 24, 27]

INFO:root:Умноженный на константу список: [294, 297, 300, 0, 3, 6, 9, 12, 15, 18, 21, 24, 27]

INFO:root:backgroundTask etap: 8

INFO:root:Умноженный на константу список: [294, 297, 300, 0, 3, 6, 9, 12, 15, 18, 21, 24, 27]

INFO:root:Умноженный на константу список: [294, 297, 300, 0, 3, 6, 9, 12, 15, 18, 21, 24, 27]

INFO:root:backgroundTask etap: 9

INFO:root:Умноженный на константу список: [294, 297, 300, 0, 3, 6, 9, 12, 15, 18, 21, 24, 27]

INFO:root:Умноженный на константу список: [294, 297, 300, 0, 3, 6, 9, 12, 15, 18, 21, 24, 27]

INFO:root:backgroundTask etap: 10

INFO:root:Умноженный на константу список: [294, 297, 300, 0, 3, 6, 9, 12, 15, 18, 21, 24, 27]

INFO:root:Умноженный на константу список: [294, 297, 300, 0, 3, 6, 9, 12, 15, 18, 21, 24, 27]

INFO:root:backgroundTask etap: 11

INFO:root:Умноженный на константу список: [294, 297, 300, 0, 3, 6, 9, 12, 15, 18, 21, 24, 27]

INFO:root:Умноженный на константу список: [294, 297, 300, 0, 3, 6, 9, 12, 15, 18, 21, 24, 27]

INFO:root:backgroundTask etap: 12

INFO:root:Умноженный на константу список: [294, 297, 300, 0, 3, 6, 9, 12, 15, 18, 21, 24, 27]

INFO:root:Умноженный на константу список: [294, 297, 300, 0, 3, 6, 9, 12, 15, 18, 21, 24, 27]

INFO:root:backgroundTask etap: 13

INFO:root:Умноженный на константу список: [294, 297, 300, 0, 3, 6, 9, 12, 15, 18, 21, 24, 27]

INFO:root:Умноженный на константу список: [294, 297, 300, 0, 3, 6, 9, 12, 15, 18, 21, 24, 27]

INFO:root:backgroundTask etap: 14

INFO:root:Умноженный на константу список: [294, 297, 300, 0, 3, 6, 9, 12, 15, 18, 21, 24, 27]

INFO:root:Умноженный на константу список: [294, 297, 300, 0, 3, 6, 9, 12, 15, 18, 21, 24, 27]

INFO:root:backgroundTask etap: 15

INFO:root:Умноженный на константу список: [294, 297, 300, 0, 3, 6, 9, 12, 15, 18, 21, 24, 27]

INFO:root:Умноженный на константу список: [294, 297, 300, 0, 3, 6, 9, 12, 15, 18, 21, 24, 27]

INFO:root:backgroundTask etap: 16

INFO:root:Умноженный на константу список: [294, 297, 300, 0, 3, 6, 9, 12, 15, 18, 21, 24, 27]

INFO:root:Умноженный на константу список: [294, 297, 300, 0, 3, 6, 9, 12, 15, 18, 21, 24, 27]

INFO:root:backgroundTask etap: 17

INFO:root:Умноженный на константу список: [294, 297, 300, 0, 3, 6, 9, 12, 15, 18, 21, 24, 27]

INFO:root:Умноженный на константу список: [294, 297, 300, 0, 3, 6, 9, 12, 15, 18, 21, 24, 27]

INFO:root:backgroundTask etap: 18

INFO:root:Умноженный на константу список: [294, 297, 300, 0, 3, 6, 9, 12, 15, 18, 21, 24, 27]

INFO:root:Умноженный на константу список: [294, 297, 300, 0, 3, 6, 9, 12, 15, 18, 21, 24, 27]

INFO:root:backgroundTask etap: 19

INFO:root:Умноженный на константу список: [294, 297, 300, 0, 3, 6, 9, 12, 15, 18, 21, 24, 27]

INFO:root:Умноженный на константу список: [294, 297, 300, 0, 3, 6, 9, 12, 15, 18, 21, 24, 27]

INFO:root:backgroundTask etap: 20

INFO:root:Умноженный на константу список: [294, 297, 300, 0, 3, 6, 9, 12, 15, 18, 21, 24, 27]

INFO:root:Умноженный на константу список: [294, 297, 300, 0, 3, 6, 9, 12, 15, 18, 21, 24, 27]

INFO:root:backgroundTask etap: 21

INFO:root:Умноженный на константу список: [294, 297, 300, 0, 3, 6, 9, 12, 15, 18, 21, 24, 27]

INFO:root:Умноженный на константу список: [294, 297, 300, 0, 3, 6, 9, 12, 15, 18, 21, 24, 27]

INFO:root:backgroundTask etap: 22

INFO:root:Умноженный на константу список: [294, 297, 300, 0, 3, 6, 9, 12, 15, 18, 21, 24, 27]

INFO:root:Умноженный на константу список: [294, 297, 300, 0, 3, 6, 9, 12, 15, 18, 21, 24, 27]

INFO:root:backgroundTask etap: 23

INFO:root:Умноженный на константу список: [294, 297, 300, 0, 3, 6, 9, 12, 15, 18, 21, 24, 27]

INFO:root:Умноженный на константу список: [294, 297, 300, 0, 3, 6, 9, 12, 15, 18, 21, 24, 27]

INFO:root:backgroundTask etap: 24

INFO:root:Умноженный на константу список: [294, 297, 300, 0, 3, 6, 9, 12, 15, 18, 21, 24, 27]

INFO:root:Умноженный на константу список: [294, 297, 300, 0, 3, 6, 9, 12, 15, 18, 21, 24, 27]

INFO:root:backgroundTask etap: 25

INFO:root:Умноженный на константу список: [294, 297, 300, 0, 3, 6, 9, 12, 15, 18, 21, 24, 27]

INFO:root:Умноженный на константу список: [294, 297, 300, 0, 3, 6, 9, 12, 15, 18, 21, 24, 27]

INFO:root:backgroundTask etap: 26

INFO:root:Умноженный на константу список: [294, 297, 300, 0, 3, 6, 9, 12, 15, 18, 21, 24, 27]

INFO:root:Умноженный на константу список: [294, 297, 300, 0, 3, 6, 9, 12, 15, 18, 21, 24, 27]

INFO:root:backgroundTask etap: 27

INFO:root:Умноженный на константу список: [294, 297, 300, 0, 3, 6, 9, 12, 15, 18, 21, 24, 27]

INFO:root:Умноженный на константу список: [294, 297, 300, 0, 3, 6, 9, 12, 15, 18, 21, 24, 27]

INFO:root:backgroundTask etap: 28

INFO:root:Умноженный на константу список: [294, 297, 300, 0, 3, 6, 9, 12, 15, 18, 21, 24, 27]

INFO:root:Умноженный на константу список: [294, 297, 300, 0, 3, 6, 9, 12, 15, 18, 21, 24, 27]

INFO:root:backgroundTask etap: 29

INFO:root:Умноженный на константу список: [294, 297, 300, 0, 3, 6, 9, 12, 15, 18, 21, 24, 27]

INFO:root:Умноженный на константу список: [294, 297, 300, 0, 3, 6, 9, 12, 15, 18, 21, 24, 27]

INFO:root:backgroundTask etap: 30

INFO:root:Умноженный на константу список: [294, 297, 300, 0, 3, 6, 9, 12, 15, 18, 21, 24, 27]

INFO:root:Умноженный на константу список: [294, 297, 300, 0, 3, 6, 9, 12, 15, 18, 21, 24, 27]

INFO:root:backgroundTask etap: 31

INFO:root:Умноженный на константу список: [294, 297, 300, 0, 3, 6, 9, 12, 15, 18, 21, 24, 27]

INFO:root:Умноженный на константу список: [294, 297, 300, 0, 3, 6, 9, 12, 15, 18, 21, 24, 27]

INFO:root:backgroundTask etap: 32

INFO:root:Умноженный на константу список: [294, 297, 300, 0, 3, 6, 9, 12, 15, 18, 21, 24, 27]

INFO:root:Умноженный на константу список: [294, 297, 300, 0, 3, 6, 9, 12, 15, 18, 21, 24, 27]

INFO:root:backgroundTask etap: 33

INFO:root:Умноженный на константу список: [294, 297, 300, 0, 3, 6, 9, 12, 15, 18, 21, 24, 27]

INFO:root:Умноженный на константу список: [294, 297, 300, 0, 3, 6, 9, 12, 15, 18, 21, 24, 27]

INFO:root:backgroundTask etap: 34

INFO:root:Умноженный на константу список: [294, 297, 300, 0, 3, 6, 9, 12, 15, 18, 21, 24, 27]

INFO:root:Умноженный на константу список: [294, 297, 300, 0, 3, 6, 9, 12, 15, 18, 21, 24, 27]

INFO:root:backgroundTask etap: 35

INFO:root:Умноженный на константу список: [294, 297, 300, 0, 3, 6, 9, 12, 15, 18, 21, 24, 27]

INFO:root:Умноженный на константу список: [294, 297, 300, 0, 3, 6, 9, 12, 15, 18, 21, 24, 27]

INFO:root:backgroundTask etap: 36

INFO:root:Умноженный на константу список: [294, 297, 300, 0, 3, 6, 9, 12, 15, 18, 21, 24, 27]

INFO:root:Умноженный на константу список: [294, 297, 300, 0, 3, 6, 9, 12, 15, 18, 21, 24, 27]

INFO:root:backgroundTask etap: 37

INFO:root:Умноженный на константу список: [294, 297, 300, 0, 3, 6, 9, 12, 15, 18, 21, 24, 27]

INFO:root:Умноженный на константу список: [294, 297, 300, 0, 3, 6, 9, 12, 15, 18, 21, 24, 27]

INFO:root:backgroundTask etap: 38

INFO:root:Умноженный на константу список: [294, 297, 300, 0, 3, 6, 9, 12, 15, 18, 21, 24, 27]

INFO:root:Умноженный на константу список: [294, 297, 300, 0, 3, 6, 9, 12, 15, 18, 21, 24, 27]

INFO:root:backgroundTask etap: 39

INFO:root:Умноженный на константу список: [294, 297, 300, 0, 3, 6, 9, 12, 15, 18, 21, 24, 27]

INFO:root:Умноженный на константу список: [294, 297, 300, 0, 3, 6, 9, 12, 15, 18, 21, 24, 27]

INFO:root:backgroundTask etap: 40

INFO:root:Умноженный на константу список: [294, 297, 300, 0, 3, 6, 9, 12, 15, 18, 21, 24, 27]

INFO:root:Умноженный на константу список: [294, 297, 300, 0, 3, 6, 9, 12, 15, 18, 21, 24, 27]

INFO:root:backgroundTask etap: 41

INFO:root:Умноженный на константу список: [294, 297, 300, 0, 3, 6, 9, 12, 15, 18, 21, 24, 27]

INFO:root:Умноженный на константу список: [294, 297, 300, 0, 3, 6, 9, 12, 15, 18, 21, 24, 27]

INFO:root:backgroundTask etap: 42

INFO:root:Умноженный на константу список: [294, 297, 300, 0, 3, 6, 9, 12, 15, 18, 21, 24, 27]

INFO:root:Умноженный на константу список: [294, 297, 300, 0, 3, 6, 9, 12, 15, 18, 21, 24, 27]

INFO:root:backgroundTask etap: 43

INFO:root:Умноженный на константу список: [294, 297, 300, 0, 3, 6, 9, 12, 15, 18, 21, 24, 27]

INFO:root:Умноженный на константу список: [294, 297, 300, 0, 3, 6, 9, 12, 15, 18, 21, 24, 27]

INFO:root:backgroundTask etap: 44

INFO:root:Умноженный на константу список: [294, 297, 300, 0, 3, 6, 9, 12, 15, 18, 21, 24, 27]

INFO:root:Умноженный на константу список: [294, 297, 300, 0, 3, 6, 9, 12, 15, 18, 21, 24, 27]

INFO:root:backgroundTask etap: 45

INFO:root:Умноженный на константу список: [294, 297, 300, 0, 3, 6, 9, 12, 15, 18, 21, 24, 27]

INFO:root:Умноженный на константу список: [294, 297, 300, 0, 3, 6, 9, 12, 15, 18, 21, 24, 27]

INFO:root:backgroundTask etap: 46

INFO:root:Умноженный на константу список: [294, 297, 300, 0, 3, 6, 9, 12, 15, 18, 21, 24, 27]

INFO:root:Умноженный на константу список: [294, 297, 300, 0, 3, 6, 9, 12, 15, 18, 21, 24, 27]

INFO:root:backgroundTask etap: 47

INFO:root:Умноженный на константу список: [294, 297, 300, 0, 3, 6, 9, 12, 15, 18, 21, 24, 27]

INFO:root:Умноженный на константу список: [294, 297, 300, 0, 3, 6, 9, 12, 15, 18, 21, 24, 27]

INFO:root:backgroundTask etap: 48

INFO:root:Умноженный на константу список: [294, 297, 300, 0, 3, 6, 9, 12, 15, 18, 21, 24, 27]

INFO:root:Умноженный на константу список: [294, 297, 300, 0, 3, 6, 9, 12, 15, 18, 21, 24, 27]

INFO:root:backgroundTask etap: 49

INFO:root:Умноженный на константу список: [294, 297, 300, 0, 3, 6, 9, 12, 15, 18, 21, 24, 27]

INFO:root:Умноженный на константу список: [294, 297, 300, 0, 3, 6, 9, 12, 15, 18, 21, 24, 27]

INFO:root:backgroundTask etap: 50

INFO:root:Умноженный на константу список: [294, 297, 300, 0, 3, 6, 9, 12, 15, 18, 21, 24, 27]

INFO:root:Умноженный на константу список: [294, 297, 300, 0, 3, 6, 9, 12, 15, 18, 21, 24, 27]

INFO:root:Умноженный на константу список: [294, 297, 300, 0, 3, 6, 9, 12, 15, 18, 21, 24, 27]

INFO:root:backgroundTask etap: 0

INFO:root:Умноженный на константу список: [294, 297, 300, 0, 3, 6, 9, 12, 15, 18, 21, 24, 27]

INFO:root:Умноженный на константу список: [294, 297, 300, 0, 3, 6, 9, 12, 15, 18, 21, 24, 27]

INFO:root:backgroundTask etap: 1

INFO:root:Умноженный на константу список: [294, 297, 300, 0, 3, 6, 9, 12, 15, 18, 21, 24, 27]

INFO:root:Умноженный на константу список: [294, 297, 300, 0, 3, 6, 9, 12, 15, 18, 21, 24, 27]

INFO:root:backgroundTask etap: 2

INFO:root:Умноженный на константу список: [294, 297, 300, 0, 3, 6, 9, 12, 15, 18, 21, 24, 27]

INFO:root:Умноженный на константу список: [294, 297, 300, 0, 3, 6, 9, 12, 15, 18, 21, 24, 27]

INFO:root:backgroundTask etap: 3

INFO:root:Умноженный на константу список: [294, 297, 300, 0, 3, 6, 9, 12, 15, 18, 21, 24, 27]

INFO:root:Умноженный на константу список: [294, 297, 300, 0, 3, 6, 9, 12, 15, 18, 21, 24, 27]

INFO:root:backgroundTask etap: 4

INFO:root:Умноженный на константу список: [294, 297, 300, 0, 3, 6, 9, 12, 15, 18, 21, 24, 27]

INFO:root:Умноженный на константу список: [294, 297, 300, 0, 3, 6, 9, 12, 15, 18, 21, 24, 27]

INFO:root:backgroundTask etap: 5

INFO:root:Умноженный на константу список: [294, 297, 300, 0, 3, 6, 9, 12, 15, 18, 21, 24, 27]

INFO:root:Умноженный на константу список: [294, 297, 300, 0, 3, 6, 9, 12, 15, 18, 21, 24, 27]

INFO:root:backgroundTask etap: 6

INFO:root:Умноженный на константу список: [294, 297, 300, 0, 3, 6, 9, 12, 15, 18, 21, 24, 27]

INFO:root:Умноженный на константу список: [294, 297, 300, 0, 3, 6, 9, 12, 15, 18, 21, 24, 27]

INFO:root:backgroundTask etap: 7

INFO:root:Умноженный на константу список: [294, 297, 300, 0, 3, 6, 9, 12, 15, 18, 21, 24, 27]

INFO:root:Умноженный на константу список: [294, 297, 300, 0, 3, 6, 9, 12, 15, 18, 21, 24, 27]

INFO:root:backgroundTask etap: 8

INFO:root:Умноженный на константу список: [294, 297, 300, 0, 3, 6, 9, 12, 15, 18, 21, 24, 27]

INFO:root:Умноженный на константу список: [294, 297, 300, 0, 3, 6, 9, 12, 15, 18, 21, 24, 27]

INFO:root:backgroundTask etap: 9

INFO:root:Умноженный на константу список: [294, 297, 300, 0, 3, 6, 9, 12, 15, 18, 21, 24, 27]

INFO:root:Умноженный на константу список: [294, 297, 300, 0, 3, 6, 9, 12, 15, 18, 21, 24, 27]

INFO:root:backgroundTask etap: 10

INFO:root:Умноженный на константу список: [294, 297, 300, 0, 3, 6, 9, 12, 15, 18, 21, 24, 27]

INFO:root:Умноженный на константу список: [294, 297, 300, 0, 3, 6, 9, 12, 15, 18, 21, 24, 27]

INFO:root:backgroundTask etap: 11

INFO:root:Умноженный на константу список: [294, 297, 300, 0, 3, 6, 9, 12, 15, 18, 21, 24, 27]

INFO:root:Умноженный на константу список: [294, 297, 300, 0, 3, 6, 9, 12, 15, 18, 21, 24, 27]

INFO:root:backgroundTask etap: 12

INFO:root:Умноженный на константу список: [294, 297, 300, 0, 3, 6, 9, 12, 15, 18, 21, 24, 27]

INFO:root:Умноженный на константу список: [294, 297, 300, 0, 3, 6, 9, 12, 15, 18, 21, 24, 27]

INFO:root:backgroundTask etap: 13

INFO:root:Умноженный на константу список: [294, 297, 300, 0, 3, 6, 9, 12, 15, 18, 21, 24, 27]

INFO:root:Умноженный на константу список: [294, 297, 300, 0, 3, 6, 9, 12, 15, 18, 21, 24, 27]

INFO:root:backgroundTask etap: 14

INFO:root:Умноженный на константу список: [294, 297, 300, 0, 3, 6, 9, 12, 15, 18, 21, 24, 27]

INFO:root:Умноженный на константу список: [294, 297, 300, 0, 3, 6, 9, 12, 15, 18, 21, 24, 27]

INFO:root:backgroundTask etap: 15

INFO:root:Умноженный на константу список: [294, 297, 300, 0, 3, 6, 9, 12, 15, 18, 21, 24, 27]

INFO:root:Умноженный на константу список: [294, 297, 300, 0, 3, 6, 9, 12, 15, 18, 21, 24, 27]

INFO:root:backgroundTask etap: 16

INFO:root:Умноженный на константу список: [294, 297, 300, 0, 3, 6, 9, 12, 15, 18, 21, 24, 27]

INFO:root:Умноженный на константу список: [294, 297, 300, 0, 3, 6, 9, 12, 15, 18, 21, 24, 27]

INFO:root:backgroundTask etap: 17

INFO:root:Умноженный на константу список: [294, 297, 300, 0, 3, 6, 9, 12, 15, 18, 21, 24, 27]

INFO:root:Умноженный на константу список: [294, 297, 300, 0, 3, 6, 9, 12, 15, 18, 21, 24, 27]

INFO:root:backgroundTask etap: 18

INFO:root:Умноженный на константу список: [294, 297, 300, 0, 3, 6, 9, 12, 15, 18, 21, 24, 27]

INFO:root:Умноженный на константу список: [294, 297, 300, 0, 3, 6, 9, 12, 15, 18, 21, 24, 27]

INFO:root:backgroundTask etap: 19

INFO:root:Умноженный на константу список: [294, 297, 300, 0, 3, 6, 9, 12, 15, 18, 21, 24, 27]

INFO:root:Умноженный на константу список: [294, 297, 300, 0, 3, 6, 9, 12, 15, 18, 21, 24, 27]

INFO:root:backgroundTask etap: 20

INFO:root:Умноженный на константу список: [294, 297, 300, 0, 3, 6, 9, 12, 15, 18, 21, 24, 27]

INFO:root:Умноженный на константу список: [294, 297, 300, 0, 3, 6, 9, 12, 15, 18, 21, 24, 27]

INFO:root:backgroundTask etap: 21

INFO:root:Умноженный на константу список: [294, 297, 300, 0, 3, 6, 9, 12, 15, 18, 21, 24, 27]

INFO:root:Умноженный на константу список: [294, 297, 300, 0, 3, 6, 9, 12, 15, 18, 21, 24, 27]

INFO:root:backgroundTask etap: 22

INFO:root:Умноженный на константу список: [294, 297, 300, 0, 3, 6, 9, 12, 15, 18, 21, 24, 27]

INFO:root:Умноженный на константу список: [294, 297, 300, 0, 3, 6, 9, 12, 15, 18, 21, 24, 27]

INFO:root:backgroundTask etap: 23

INFO:root:Умноженный на константу список: [294, 297, 300, 0, 3, 6, 9, 12, 15, 18, 21, 24, 27]

INFO:root:Умноженный на константу список: [294, 297, 300, 0, 3, 6, 9, 12, 15, 18, 21, 24, 27]

INFO:root:backgroundTask etap: 24

INFO:root:Умноженный на константу список: [294, 297, 300, 0, 3, 6, 9, 12, 15, 18, 21, 24, 27]

INFO:root:Умноженный на константу список: [294, 297, 300, 0, 3, 6, 9, 12, 15, 18, 21, 24, 27]

INFO:root:backgroundTask etap: 25

INFO:root:Умноженный на константу список: [294, 297, 300, 0, 3, 6, 9, 12, 15, 18, 21, 24, 27]

INFO:root:Умноженный на константу список: [294, 297, 300, 0, 3, 6, 9, 12, 15, 18, 21, 24, 27]

INFO:root:backgroundTask etap: 26

INFO:root:Умноженный на константу список: [294, 297, 300, 0, 3, 6, 9, 12, 15, 18, 21, 24, 27]

INFO:root:Умноженный на константу список: [294, 297, 300, 0, 3, 6, 9, 12, 15, 18, 21, 24, 27]

INFO:root:backgroundTask etap: 27

INFO:root:Умноженный на константу список: [294, 297, 300, 0, 3, 6, 9, 12, 15, 18, 21, 24, 27]

INFO:root:Умноженный на константу список: [294, 297, 300, 0, 3, 6, 9, 12, 15, 18, 21, 24, 27]

INFO:root:backgroundTask etap: 28

INFO:root:Умноженный на константу список: [294, 297, 300, 0, 3, 6, 9, 12, 15, 18, 21, 24, 27]

INFO:root:Умноженный на константу список: [294, 297, 300, 0, 3, 6, 9, 12, 15, 18, 21, 24, 27]

INFO:root:backgroundTask etap: 29

INFO:root:Умноженный на константу список: [294, 297, 300, 0, 3, 6, 9, 12, 15, 18, 21, 24, 27]

INFO:root:Умноженный на константу список: [294, 297, 300, 0, 3, 6, 9, 12, 15, 18, 21, 24, 27]

INFO:root:backgroundTask etap: 30

INFO:root:Умноженный на константу список: [294, 297, 300, 0, 3, 6, 9, 12, 15, 18, 21, 24, 27]

INFO:root:Умноженный на константу список: [294, 297, 300, 0, 3, 6, 9, 12, 15, 18, 21, 24, 27]

INFO:root:backgroundTask etap: 31

INFO:root:Умноженный на константу список: [294, 297, 300, 0, 3, 6, 9, 12, 15, 18, 21, 24, 27]

INFO:root:Умноженный на константу список: [294, 297, 300, 0, 3, 6, 9, 12, 15, 18, 21, 24, 27]

INFO:root:backgroundTask etap: 32

INFO:root:Умноженный на константу список: [294, 297, 300, 0, 3, 6, 9, 12, 15, 18, 21, 24, 27]

INFO:root:Умноженный на константу список: [294, 297, 300, 0, 3, 6, 9, 12, 15, 18, 21, 24, 27]

INFO:root:backgroundTask etap: 33

INFO:root:Умноженный на константу список: [294, 297, 300, 0, 3, 6, 9, 12, 15, 18, 21, 24, 27]

INFO:root:Умноженный на константу список: [294, 297, 300, 0, 3, 6, 9, 12, 15, 18, 21, 24, 27]

INFO:root:backgroundTask etap: 34

INFO:root:Умноженный на константу список: [294, 297, 300, 0, 3, 6, 9, 12, 15, 18, 21, 24, 27]

INFO:root:Умноженный на константу список: [294, 297, 300, 0, 3, 6, 9, 12, 15, 18, 21, 24, 27]

INFO:root:backgroundTask etap: 35

INFO:root:Умноженный на константу список: [294, 297, 300, 0, 3, 6, 9, 12, 15, 18, 21, 24, 27]

INFO:root:Умноженный на константу список: [294, 297, 300, 0, 3, 6, 9, 12, 15, 18, 21, 24, 27]

INFO:root:backgroundTask etap: 36

INFO:root:Умноженный на константу список: [294, 297, 300, 0, 3, 6, 9, 12, 15, 18, 21, 24, 27]

INFO:root:Умноженный на константу список: [294, 297, 300, 0, 3, 6, 9, 12, 15, 18, 21, 24, 27]

INFO:root:backgroundTask etap: 37

INFO:root:Умноженный на константу список: [294, 297, 300, 0, 3, 6, 9, 12, 15, 18, 21, 24, 27]

INFO:root:Умноженный на константу список: [294, 297, 300, 0, 3, 6, 9, 12, 15, 18, 21, 24, 27]

INFO:root:backgroundTask etap: 38

INFO:root:Умноженный на константу список: [294, 297, 300, 0, 3, 6, 9, 12, 15, 18, 21, 24, 27]

INFO:root:Умноженный на константу список: [294, 297, 300, 0, 3, 6, 9, 12, 15, 18, 21, 24, 27]

INFO:root:backgroundTask etap: 39

INFO:root:Умноженный на константу список: [294, 297, 300, 0, 3, 6, 9, 12, 15, 18, 21, 24, 27]

INFO:root:Умноженный на константу список: [294, 297, 300, 0, 3, 6, 9, 12, 15, 18, 21, 24, 27]

INFO:root:backgroundTask etap: 40

INFO:root:Умноженный на константу список: [294, 297, 300, 0, 3, 6, 9, 12, 15, 18, 21, 24, 27]

INFO:root:Умноженный на константу список: [294, 297, 300, 0, 3, 6, 9, 12, 15, 18, 21, 24, 27]

INFO:root:backgroundTask etap: 41

INFO:root:Умноженный на константу список: [294, 297, 300, 0, 3, 6, 9, 12, 15, 18, 21, 24, 27]

INFO:root:Умноженный на константу список: [294, 297, 300, 0, 3, 6, 9, 12, 15, 18, 21, 24, 27]

INFO:root:backgroundTask etap: 42

INFO:root:Умноженный на константу список: [294, 297, 300, 0, 3, 6, 9, 12, 15, 18, 21, 24, 27]

INFO:root:Умноженный на константу список: [294, 297, 300, 0, 3, 6, 9, 12, 15, 18, 21, 24, 27]

INFO:root:backgroundTask etap: 43

INFO:root:Умноженный на константу список: [294, 297, 300, 0, 3, 6, 9, 12, 15, 18, 21, 24, 27]

INFO:root:Умноженный на константу список: [294, 297, 300, 0, 3, 6, 9, 12, 15, 18, 21, 24, 27]

INFO:root:backgroundTask etap: 44

INFO:root:Умноженный на константу список: [294, 297, 300, 0, 3, 6, 9, 12, 15, 18, 21, 24, 27]

INFO:root:Умноженный на константу список: [294, 297, 300, 0, 3, 6, 9, 12, 15, 18, 21, 24, 27]

INFO:root:backgroundTask etap: 45

INFO:root:Умноженный на константу список: [294, 297, 300, 0, 3, 6, 9, 12, 15, 18, 21, 24, 27]

INFO:root:Умноженный на константу список: [294, 297, 300, 0, 3, 6, 9, 12, 15, 18, 21, 24, 27]

INFO:root:backgroundTask etap: 46

INFO:root:Умноженный на константу список: [294, 297, 300, 0, 3, 6, 9, 12, 15, 18, 21, 24, 27]

INFO:root:Умноженный на константу список: [294, 297, 300, 0, 3, 6, 9, 12, 15, 18, 21, 24, 27]

INFO:root:backgroundTask etap: 47

INFO:root:Умноженный на константу список: [294, 297, 300, 0, 3, 6, 9, 12, 15, 18, 21, 24, 27]

INFO:root:Умноженный на константу список: [294, 297, 300, 0, 3, 6, 9, 12, 15, 18, 21, 24, 27]

INFO:root:backgroundTask etap: 48

INFO:root:Умноженный на константу список: [294, 297, 300, 0, 3, 6, 9, 12, 15, 18, 21, 24, 27]

INFO:root:Умноженный на константу список: [294, 297, 300, 0, 3, 6, 9, 12, 15, 18, 21, 24, 27]

INFO:root:backgroundTask etap: 49

INFO:root:Умноженный на константу список: [294, 297, 300, 0, 3, 6, 9, 12, 15, 18, 21, 24, 27]

INFO:root:Умноженный на константу список: [294, 297, 300, 0, 3, 6, 9, 12, 15, 18, 21, 24, 27]

INFO:root:backgroundTask etap: 50

INFO:root:Умноженный на константу список: [294, 297, 300, 0, 3, 6, 9, 12, 15, 18, 21, 24, 27]

INFO:root:Умноженный на константу список: [294, 297, 300, 0, 3, 6, 9, 12, 15, 18, 21, 24, 27]

INFO:root:Умноженный на константу список: [294, 297, 300, 0, 3, 6, 9, 12, 15, 18, 21, 24, 27]

INFO:root:backgroundTask etap: 0

INFO:root:Умноженный на константу список: [294, 297, 300, 0, 3, 6, 9, 12, 15, 18, 21, 24, 27]

INFO:root:Умноженный на константу список: [294, 297, 300, 0, 3, 6, 9, 12, 15, 18, 21, 24, 27]

INFO:root:backgroundTask etap: 1

INFO:root:Умноженный на константу список: [294, 297, 300, 0, 3, 6, 9, 12, 15, 18, 21, 24, 27]

INFO:root:Умноженный на константу список: [294, 297, 300, 0, 3, 6, 9, 12, 15, 18, 21, 24, 27]

INFO:root:backgroundTask etap: 2

INFO:root:Умноженный на константу список: [294, 297, 300, 0, 3, 6, 9, 12, 15, 18, 21, 24, 27]

INFO:root:Умноженный на константу список: [294, 297, 300, 0, 3, 6, 9, 12, 15, 18, 21, 24, 27]

INFO:root:backgroundTask etap: 3

INFO:root:Умноженный на константу список: [294, 297, 300, 0, 3, 6, 9, 12, 15, 18, 21, 24, 27]

INFO:root:Умноженный на константу список: [294, 297, 300, 0, 3, 6, 9, 12, 15, 18, 21, 24, 27]

INFO:root:backgroundTask etap: 4

INFO:root:Умноженный на константу список: [294, 297, 300, 0, 3, 6, 9, 12, 15, 18, 21, 24, 27]

INFO:root:Умноженный на константу список: [294, 297, 300, 0, 3, 6, 9, 12, 15, 18, 21, 24, 27]

INFO:root:backgroundTask etap: 5

INFO:root:Умноженный на константу список: [294, 297, 300, 0, 3, 6, 9, 12, 15, 18, 21, 24, 27]

INFO:root:Умноженный на константу список: [294, 297, 300, 0, 3, 6, 9, 12, 15, 18, 21, 24, 27]

INFO:root:backgroundTask etap: 6

INFO:root:Умноженный на константу список: [294, 297, 300, 0, 3, 6, 9, 12, 15, 18, 21, 24, 27]

INFO:root:Умноженный на константу список: [294, 297, 300, 0, 3, 6, 9, 12, 15, 18, 21, 24, 27]

INFO:root:backgroundTask etap: 7

INFO:root:Умноженный на константу список: [294, 297, 300, 0, 3, 6, 9, 12, 15, 18, 21, 24, 27]

INFO:root:Умноженный на константу список: [294, 297, 300, 0, 3, 6, 9, 12, 15, 18, 21, 24, 27]

INFO:root:backgroundTask etap: 8

INFO:root:Умноженный на константу список: [294, 297, 300, 0, 3, 6, 9, 12, 15, 18, 21, 24, 27]

INFO:root:Умноженный на константу список: [294, 297, 300, 0, 3, 6, 9, 12, 15, 18, 21, 24, 27]

INFO:root:backgroundTask etap: 9

INFO:root:Умноженный на константу список: [294, 297, 300, 0, 3, 6, 9, 12, 15, 18, 21, 24, 27]

INFO:root:Умноженный на константу список: [294, 297, 300, 0, 3, 6, 9, 12, 15, 18, 21, 24, 27]

INFO:root:backgroundTask etap: 10

INFO:root:Умноженный на константу список: [294, 297, 300, 0, 3, 6, 9, 12, 15, 18, 21, 24, 27]

INFO:root:Умноженный на константу список: [294, 297, 300, 0, 3, 6, 9, 12, 15, 18, 21, 24, 27]

INFO:root:backgroundTask etap: 11

INFO:root:Умноженный на константу список: [294, 297, 300, 0, 3, 6, 9, 12, 15, 18, 21, 24, 27]

INFO:root:Умноженный на константу список: [294, 297, 300, 0, 3, 6, 9, 12, 15, 18, 21, 24, 27]

INFO:root:backgroundTask etap: 12

INFO:root:Умноженный на константу список: [294, 297, 300, 0, 3, 6, 9, 12, 15, 18, 21, 24, 27]

INFO:root:Умноженный на константу список: [294, 297, 300, 0, 3, 6, 9, 12, 15, 18, 21, 24, 27]

INFO:root:backgroundTask etap: 13

INFO:root:Умноженный на константу список: [294, 297, 300, 0, 3, 6, 9, 12, 15, 18, 21, 24, 27]

INFO:root:Умноженный на константу список: [294, 297, 300, 0, 3, 6, 9, 12, 15, 18, 21, 24, 27]

INFO:root:backgroundTask etap: 14

INFO:root:Умноженный на константу список: [294, 297, 300, 0, 3, 6, 9, 12, 15, 18, 21, 24, 27]

INFO:root:Умноженный на константу список: [294, 297, 300, 0, 3, 6, 9, 12, 15, 18, 21, 24, 27]

INFO:root:backgroundTask etap: 15

INFO:root:Умноженный на константу список: [294, 297, 300, 0, 3, 6, 9, 12, 15, 18, 21, 24, 27]

INFO:root:Умноженный на константу список: [294, 297, 300, 0, 3, 6, 9, 12, 15, 18, 21, 24, 27]

INFO:root:backgroundTask etap: 16

INFO:root:Умноженный на константу список: [294, 297, 300, 0, 3, 6, 9, 12, 15, 18, 21, 24, 27]

INFO:root:Умноженный на константу список: [294, 297, 300, 0, 3, 6, 9, 12, 15, 18, 21, 24, 27]

INFO:root:backgroundTask etap: 17

INFO:root:Умноженный на константу список: [294, 297, 300, 0, 3, 6, 9, 12, 15, 18, 21, 24, 27]

INFO:root:Умноженный на константу список: [294, 297, 300, 0, 3, 6, 9, 12, 15, 18, 21, 24, 27]

INFO:root:backgroundTask etap: 18

INFO:root:Умноженный на константу список: [294, 297, 300, 0, 3, 6, 9, 12, 15, 18, 21, 24, 27]

INFO:root:Умноженный на константу список: [294, 297, 300, 0, 3, 6, 9, 12, 15, 18, 21, 24, 27]

INFO:root:backgroundTask etap: 19

INFO:root:Умноженный на константу список: [294, 297, 300, 0, 3, 6, 9, 12, 15, 18, 21, 24, 27]

INFO:root:Умноженный на константу список: [294, 297, 300, 0, 3, 6, 9, 12, 15, 18, 21, 24, 27]

INFO:root:backgroundTask etap: 20

INFO:root:Умноженный на константу список: [294, 297, 300, 0, 3, 6, 9, 12, 15, 18, 21, 24, 27]

INFO:root:Умноженный на константу список: [294, 297, 300, 0, 3, 6, 9, 12, 15, 18, 21, 24, 27]

INFO:root:backgroundTask etap: 21

INFO:root:Умноженный на константу список: [294, 297, 300, 0, 3, 6, 9, 12, 15, 18, 21, 24, 27]

INFO:root:Умноженный на константу список: [294, 297, 300, 0, 3, 6, 9, 12, 15, 18, 21, 24, 27]

INFO:root:backgroundTask etap: 22

INFO:root:Умноженный на константу список: [294, 297, 300, 0, 3, 6, 9, 12, 15, 18, 21, 24, 27]

INFO:root:Умноженный на константу список: [294, 297, 300, 0, 3, 6, 9, 12, 15, 18, 21, 24, 27]

INFO:root:backgroundTask etap: 23

INFO:root:Умноженный на константу список: [294, 297, 300, 0, 3, 6, 9, 12, 15, 18, 21, 24, 27]

INFO:root:Умноженный на константу список: [294, 297, 300, 0, 3, 6, 9, 12, 15, 18, 21, 24, 27]

INFO:root:backgroundTask etap: 24

INFO:root:Умноженный на константу список: [294, 297, 300, 0, 3, 6, 9, 12, 15, 18, 21, 24, 27]

INFO:root:Умноженный на константу список: [294, 297, 300, 0, 3, 6, 9, 12, 15, 18, 21, 24, 27]

INFO:root:backgroundTask etap: 25

INFO:root:Умноженный на константу список: [294, 297, 300, 0, 3, 6, 9, 12, 15, 18, 21, 24, 27]

INFO:root:Умноженный на константу список: [294, 297, 300, 0, 3, 6, 9, 12, 15, 18, 21, 24, 27]

INFO:root:backgroundTask etap: 26

INFO:root:Умноженный на константу список: [294, 297, 300, 0, 3, 6, 9, 12, 15, 18, 21, 24, 27]

INFO:root:Умноженный на константу список: [294, 297, 300, 0, 3, 6, 9, 12, 15, 18, 21, 24, 27]

INFO:root:backgroundTask etap: 27

INFO:root:Умноженный на константу список: [294, 297, 300, 0, 3, 6, 9, 12, 15, 18, 21, 24, 27]

INFO:root:Умноженный на константу список: [294, 297, 300, 0, 3, 6, 9, 12, 15, 18, 21, 24, 27]

INFO:root:backgroundTask etap: 28

INFO:root:Умноженный на константу список: [294, 297, 300, 0, 3, 6, 9, 12, 15, 18, 21, 24, 27]

INFO:root:Умноженный на константу список: [294, 297, 300, 0, 3, 6, 9, 12, 15, 18, 21, 24, 27]

INFO:root:backgroundTask etap: 29

INFO:root:Умноженный на константу список: [294, 297, 300, 0, 3, 6, 9, 12, 15, 18, 21, 24, 27]

INFO:root:Умноженный на константу список: [294, 297, 300, 0, 3, 6, 9, 12, 15, 18, 21, 24, 27]

INFO:root:backgroundTask etap: 30

INFO:root:Умноженный на константу список: [294, 297, 300, 0, 3, 6, 9, 12, 15, 18, 21, 24, 27]

INFO:root:Умноженный на константу список: [294, 297, 300, 0, 3, 6, 9, 12, 15, 18, 21, 24, 27]

INFO:root:backgroundTask etap: 31

INFO:root:Умноженный на константу список: [294, 297, 300, 0, 3, 6, 9, 12, 15, 18, 21, 24, 27]

INFO:root:Умноженный на константу список: [294, 297, 300, 0, 3, 6, 9, 12, 15, 18, 21, 24, 27]

INFO:root:backgroundTask etap: 32

INFO:root:Умноженный на константу список: [294, 297, 300, 0, 3, 6, 9, 12, 15, 18, 21, 24, 27]

INFO:root:Умноженный на константу список: [294, 297, 300, 0, 3, 6, 9, 12, 15, 18, 21, 24, 27]

INFO:root:backgroundTask etap: 33

INFO:root:Умноженный на константу список: [294, 297, 300, 0, 3, 6, 9, 12, 15, 18, 21, 24, 27]

INFO:root:Умноженный на константу список: [294, 297, 300, 0, 3, 6, 9, 12, 15, 18, 21, 24, 27]

INFO:root:backgroundTask etap: 34

INFO:root:Умноженный на константу список: [294, 297, 300, 0, 3, 6, 9, 12, 15, 18, 21, 24, 27]

INFO:root:Умноженный на константу список: [294, 297, 300, 0, 3, 6, 9, 12, 15, 18, 21, 24, 27]

INFO:root:backgroundTask etap: 35

INFO:root:Умноженный на константу список: [294, 297, 300, 0, 3, 6, 9, 12, 15, 18, 21, 24, 27]

INFO:root:Умноженный на константу список: [294, 297, 300, 0, 3, 6, 9, 12, 15, 18, 21, 24, 27]

INFO:root:backgroundTask etap: 36

INFO:root:Умноженный на константу список: [294, 297, 300, 0, 3, 6, 9, 12, 15, 18, 21, 24, 27]

INFO:root:Умноженный на константу список: [294, 297, 300, 0, 3, 6, 9, 12, 15, 18, 21, 24, 27]

INFO:root:backgroundTask etap: 37

INFO:root:Умноженный на константу список: [294, 297, 300, 0, 3, 6, 9, 12, 15, 18, 21, 24, 27]

INFO:root:Умноженный на константу список: [294, 297, 300, 0, 3, 6, 9, 12, 15, 18, 21, 24, 27]

INFO:root:backgroundTask etap: 38

INFO:root:Умноженный на константу список: [294, 297, 300, 0, 3, 6, 9, 12, 15, 18, 21, 24, 27]

INFO:root:Умноженный на константу список: [294, 297, 300, 0, 3, 6, 9, 12, 15, 18, 21, 24, 27]

INFO:root:backgroundTask etap: 39

INFO:root:Умноженный на константу список: [294, 297, 300, 0, 3, 6, 9, 12, 15, 18, 21, 24, 27]

INFO:root:Умноженный на константу список: [294, 297, 300, 0, 3, 6, 9, 12, 15, 18, 21, 24, 27]

INFO:root:backgroundTask etap: 40

INFO:root:Умноженный на константу список: [294, 297, 300, 0, 3, 6, 9, 12, 15, 18, 21, 24, 27]

INFO:root:Умноженный на константу список: [294, 297, 300, 0, 3, 6, 9, 12, 15, 18, 21, 24, 27]

INFO:root:backgroundTask etap: 41

INFO:root:Умноженный на константу список: [294, 297, 300, 0, 3, 6, 9, 12, 15, 18, 21, 24, 27]

INFO:root:Умноженный на константу список: [294, 297, 300, 0, 3, 6, 9, 12, 15, 18, 21, 24, 27]

INFO:root:backgroundTask etap: 42

INFO:root:Умноженный на константу список: [294, 297, 300, 0, 3, 6, 9, 12, 15, 18, 21, 24, 27]

INFO:root:Умноженный на константу список: [294, 297, 300, 0, 3, 6, 9, 12, 15, 18, 21, 24, 27]

INFO:root:backgroundTask etap: 43

INFO:root:Умноженный на константу список: [294, 297, 300, 0, 3, 6, 9, 12, 15, 18, 21, 24, 27]

INFO:root:Умноженный на константу список: [294, 297, 300, 0, 3, 6, 9, 12, 15, 18, 21, 24, 27]

INFO:root:backgroundTask etap: 44

INFO:root:Умноженный на константу список: [294, 297, 300, 0, 3, 6, 9, 12, 15, 18, 21, 24, 27]

INFO:root:Умноженный на константу список: [294, 297, 300, 0, 3, 6, 9, 12, 15, 18, 21, 24, 27]

INFO:root:backgroundTask etap: 45

INFO:root:Умноженный на константу список: [294, 297, 300, 0, 3, 6, 9, 12, 15, 18, 21, 24, 27]

INFO:root:Умноженный на константу список: [294, 297, 300, 0, 3, 6, 9, 12, 15, 18, 21, 24, 27]

INFO:root:backgroundTask etap: 46

INFO:root:Умноженный на константу список: [294, 297, 300, 0, 3, 6, 9, 12, 15, 18, 21, 24, 27]

INFO:root:Умноженный на константу список: [294, 297, 300, 0, 3, 6, 9, 12, 15, 18, 21, 24, 27]

INFO:root:backgroundTask etap: 47

INFO:root:Умноженный на константу список: [294, 297, 300, 0, 3, 6, 9, 12, 15, 18, 21, 24, 27]

INFO:root:Умноженный на константу список: [294, 297, 300, 0, 3, 6, 9, 12, 15, 18, 21, 24, 27]

INFO:root:backgroundTask etap: 48

INFO:root:Умноженный на константу список: [294, 297, 300, 0, 3, 6, 9, 12, 15, 18, 21, 24, 27]

INFO:root:Умноженный на константу список: [294, 297, 300, 0, 3, 6, 9, 12, 15, 18, 21, 24, 27]

INFO:root:backgroundTask etap: 49

INFO:root:Умноженный на константу список: [294, 297, 300, 0, 3, 6, 9, 12, 15, 18, 21, 24, 27]

INFO:root:Умноженный на константу список: [294, 297, 300, 0, 3, 6, 9, 12, 15, 18, 21, 24, 27]

INFO:root:backgroundTask etap: 50

INFO:root:Умноженный на константу список: [294, 297, 300, 0, 3, 6, 9, 12, 15, 18, 21, 24, 27]

INFO:root:Умноженный на константу список: [294, 297, 300, 0, 3, 6, 9, 12, 15, 18, 21, 24, 27]

INFO:root:Умноженный на константу список: [294, 297, 300, 0, 3, 6, 9, 12, 15, 18, 21, 24, 27]

INFO:root:backgroundTask etap: 0

INFO:root:Умноженный на константу список: [294, 297, 300, 0, 3, 6, 9, 12, 15, 18, 21, 24, 27]

INFO:root:backgroundTask etap: 1

INFO:root:Умноженный на константу список: [294, 297, 300, 0, 3, 6, 9, 12, 15, 18, 21, 24, 27]

INFO:root:Умноженный на константу список: [294, 297, 300, 0, 3, 6, 9, 12, 15, 18, 21, 24, 27]

INFO:root:Умноженный на константу список: [294, 297, 300, 0, 3, 6, 9, 12, 15, 18, 21, 24, 27]

INFO:root:backgroundTask etap: 2

INFO:root:Умноженный на константу список: [294, 297, 300, 0, 3, 6, 9, 12, 15, 18, 21, 24, 27]

INFO:root:Умноженный на константу список: [294, 297, 300, 0, 3, 6, 9, 12, 15, 18, 21, 24, 27]

INFO:root:backgroundTask etap: 3

INFO:root:Умноженный на константу список: [294, 297, 300, 0, 3, 6, 9, 12, 15, 18, 21, 24, 27]

INFO:root:Умноженный на константу список: [294, 297, 300, 0, 3, 6, 9, 12, 15, 18, 21, 24, 27]

INFO:root:backgroundTask etap: 4

INFO:root:Умноженный на константу список: [294, 297, 300, 0, 3, 6, 9, 12, 15, 18, 21, 24, 27]

INFO:root:Умноженный на константу список: [294, 297, 300, 0, 3, 6, 9, 12, 15, 18, 21, 24, 27]

INFO:root:backgroundTask etap: 5

INFO:root:Умноженный на константу список: [294, 297, 300, 0, 3, 6, 9, 12, 15, 18, 21, 24, 27]

INFO:root:Умноженный на константу список: [294, 297, 300, 0, 3, 6, 9, 12, 15, 18, 21, 24, 27]

INFO:root:backgroundTask etap: 6

INFO:root:Умноженный на константу список: [294, 297, 300, 0, 3, 6, 9, 12, 15, 18, 21, 24, 27]

INFO:root:Умноженный на константу список: [294, 297, 300, 0, 3, 6, 9, 12, 15, 18, 21, 24, 27]

INFO:root:backgroundTask etap: 7

INFO:root:Умноженный на константу список: [294, 297, 300, 0, 3, 6, 9, 12, 15, 18, 21, 24, 27]

INFO:root:Умноженный на константу список: [294, 297, 300, 0, 3, 6, 9, 12, 15, 18, 21, 24, 27]

INFO:root:backgroundTask etap: 8

INFO:root:Умноженный на константу список: [294, 297, 300, 0, 3, 6, 9, 12, 15, 18, 21, 24, 27]

INFO:root:Умноженный на константу список: [294, 297, 300, 0, 3, 6, 9, 12, 15, 18, 21, 24, 27]

INFO:root:backgroundTask etap: 9

INFO:root:Умноженный на константу список: [294, 297, 300, 0, 3, 6, 9, 12, 15, 18, 21, 24, 27]

INFO:root:Умноженный на константу список: [294, 297, 300, 0, 3, 6, 9, 12, 15, 18, 21, 24, 27]

INFO:root:backgroundTask etap: 10

INFO:root:Умноженный на константу список: [294, 297, 300, 0, 3, 6, 9, 12, 15, 18, 21, 24, 27]

INFO:root:Умноженный на константу список: [294, 297, 300, 0, 3, 6, 9, 12, 15, 18, 21, 24, 27]

INFO:root:backgroundTask etap: 11

INFO:root:Умноженный на константу список: [294, 297, 300, 0, 3, 6, 9, 12, 15, 18, 21, 24, 27]

INFO:root:Умноженный на константу список: [294, 297, 300, 0, 3, 6, 9, 12, 15, 18, 21, 24, 27]

INFO:root:backgroundTask etap: 12

INFO:root:Умноженный на константу список: [294, 297, 300, 0, 3, 6, 9, 12, 15, 18, 21, 24, 27]

INFO:root:Умноженный на константу список: [294, 297, 300, 0, 3, 6, 9, 12, 15, 18, 21, 24, 27]

INFO:root:backgroundTask etap: 13

INFO:root:Умноженный на константу список: [294, 297, 300, 0, 3, 6, 9, 12, 15, 18, 21, 24, 27]

INFO:root:Умноженный на константу список: [294, 297, 300, 0, 3, 6, 9, 12, 15, 18, 21, 24, 27]

INFO:root:backgroundTask etap: 14

INFO:root:Умноженный на константу список: [294, 297, 300, 0, 3, 6, 9, 12, 15, 18, 21, 24, 27]

INFO:root:Умноженный на константу список: [294, 297, 300, 0, 3, 6, 9, 12, 15, 18, 21, 24, 27]

INFO:root:backgroundTask etap: 15

INFO:root:Умноженный на константу список: [294, 297, 300, 0, 3, 6, 9, 12, 15, 18, 21, 24, 27]

INFO:root:Умноженный на константу список: [294, 297, 300, 0, 3, 6, 9, 12, 15, 18, 21, 24, 27]

INFO:root:backgroundTask etap: 16

INFO:root:Умноженный на константу список: [294, 297, 300, 0, 3, 6, 9, 12, 15, 18, 21, 24, 27]

INFO:root:Умноженный на константу список: [294, 297, 300, 0, 3, 6, 9, 12, 15, 18, 21, 24, 27]

INFO:root:backgroundTask etap: 17

INFO:root:Умноженный на константу список: [294, 297, 300, 0, 3, 6, 9, 12, 15, 18, 21, 24, 27]

INFO:root:Умноженный на константу список: [294, 297, 300, 0, 3, 6, 9, 12, 15, 18, 21, 24, 27]

INFO:root:backgroundTask etap: 18

INFO:root:Умноженный на константу список: [294, 297, 300, 0, 3, 6, 9, 12, 15, 18, 21, 24, 27]

INFO:root:Умноженный на константу список: [294, 297, 300, 0, 3, 6, 9, 12, 15, 18, 21, 24, 27]

INFO:root:backgroundTask etap: 19

INFO:root:Умноженный на константу список: [294, 297, 300, 0, 3, 6, 9, 12, 15, 18, 21, 24, 27]

INFO:root:Умноженный на константу список: [294, 297, 300, 0, 3, 6, 9, 12, 15, 18, 21, 24, 27]

INFO:root:backgroundTask etap: 20

INFO:root:Умноженный на константу список: [294, 297, 300, 0, 3, 6, 9, 12, 15, 18, 21, 24, 27]

INFO:root:Умноженный на константу список: [294, 297, 300, 0, 3, 6, 9, 12, 15, 18, 21, 24, 27]

INFO:root:backgroundTask etap: 21

INFO:root:Умноженный на константу список: [294, 297, 300, 0, 3, 6, 9, 12, 15, 18, 21, 24, 27]

INFO:root:Умноженный на константу список: [294, 297, 300, 0, 3, 6, 9, 12, 15, 18, 21, 24, 27]

INFO:root:backgroundTask etap: 22

INFO:root:Умноженный на константу список: [294, 297, 300, 0, 3, 6, 9, 12, 15, 18, 21, 24, 27]

INFO:root:Умноженный на константу список: [294, 297, 300, 0, 3, 6, 9, 12, 15, 18, 21, 24, 27]

INFO:root:backgroundTask etap: 23

INFO:root:Умноженный на константу список: [294, 297, 300, 0, 3, 6, 9, 12, 15, 18, 21, 24, 27]

INFO:root:Умноженный на константу список: [294, 297, 300, 0, 3, 6, 9, 12, 15, 18, 21, 24, 27]

INFO:root:backgroundTask etap: 24

INFO:root:Умноженный на константу список: [294, 297, 300, 0, 3, 6, 9, 12, 15, 18, 21, 24, 27]

INFO:root:Умноженный на константу список: [294, 297, 300, 0, 3, 6, 9, 12, 15, 18, 21, 24, 27]

INFO:root:backgroundTask etap: 25

INFO:root:Умноженный на константу список: [294, 297, 300, 0, 3, 6, 9, 12, 15, 18, 21, 24, 27]

INFO:root:Умноженный на константу список: [294, 297, 300, 0, 3, 6, 9, 12, 15, 18, 21, 24, 27]

INFO:root:backgroundTask etap: 26

INFO:root:Умноженный на константу список: [294, 297, 300, 0, 3, 6, 9, 12, 15, 18, 21, 24, 27]

INFO:root:Умноженный на константу список: [294, 297, 300, 0, 3, 6, 9, 12, 15, 18, 21, 24, 27]

INFO:root:backgroundTask etap: 27

INFO:root:Умноженный на константу список: [294, 297, 300, 0, 3, 6, 9, 12, 15, 18, 21, 24, 27]

INFO:root:Умноженный на константу список: [294, 297, 300, 0, 3, 6, 9, 12, 15, 18, 21, 24, 27]

INFO:root:backgroundTask etap: 28

INFO:root:Умноженный на константу список: [294, 297, 300, 0, 3, 6, 9, 12, 15, 18, 21, 24, 27]

INFO:root:Умноженный на константу список: [294, 297, 300, 0, 3, 6, 9, 12, 15, 18, 21, 24, 27]

INFO:root:backgroundTask etap: 29

INFO:root:Умноженный на константу список: [294, 297, 300, 0, 3, 6, 9, 12, 15, 18, 21, 24, 27]

INFO:root:Умноженный на константу список: [294, 297, 300, 0, 3, 6, 9, 12, 15, 18, 21, 24, 27]

INFO:root:backgroundTask etap: 30

INFO:root:Умноженный на константу список: [294, 297, 300, 0, 3, 6, 9, 12, 15, 18, 21, 24, 27]

INFO:root:Умноженный на константу список: [294, 297, 300, 0, 3, 6, 9, 12, 15, 18, 21, 24, 27]

INFO:root:backgroundTask etap: 31

INFO:root:Умноженный на константу список: [294, 297, 300, 0, 3, 6, 9, 12, 15, 18, 21, 24, 27]

INFO:root:Умноженный на константу список: [294, 297, 300, 0, 3, 6, 9, 12, 15, 18, 21, 24, 27]

INFO:root:backgroundTask etap: 32

INFO:root:Умноженный на константу список: [294, 297, 300, 0, 3, 6, 9, 12, 15, 18, 21, 24, 27]

INFO:root:Умноженный на константу список: [294, 297, 300, 0, 3, 6, 9, 12, 15, 18, 21, 24, 27]

INFO:root:backgroundTask etap: 33

INFO:root:Умноженный на константу список: [294, 297, 300, 0, 3, 6, 9, 12, 15, 18, 21, 24, 27]

INFO:root:Умноженный на константу список: [294, 297, 300, 0, 3, 6, 9, 12, 15, 18, 21, 24, 27]

INFO:root:backgroundTask etap: 34

INFO:root:Умноженный на константу список: [294, 297, 300, 0, 3, 6, 9, 12, 15, 18, 21, 24, 27]

INFO:root:Умноженный на константу список: [294, 297, 300, 0, 3, 6, 9, 12, 15, 18, 21, 24, 27]

INFO:root:backgroundTask etap: 35

INFO:root:Умноженный на константу список: [294, 297, 300, 0, 3, 6, 9, 12, 15, 18, 21, 24, 27]

INFO:root:Умноженный на константу список: [294, 297, 300, 0, 3, 6, 9, 12, 15, 18, 21, 24, 27]

INFO:root:backgroundTask etap: 36

INFO:root:Умноженный на константу список: [294, 297, 300, 0, 3, 6, 9, 12, 15, 18, 21, 24, 27]

INFO:root:Умноженный на константу список: [294, 297, 300, 0, 3, 6, 9, 12, 15, 18, 21, 24, 27]

INFO:root:backgroundTask etap: 37

INFO:root:Умноженный на константу список: [294, 297, 300, 0, 3, 6, 9, 12, 15, 18, 21, 24, 27]

INFO:root:Умноженный на константу список: [294, 297, 300, 0, 3, 6, 9, 12, 15, 18, 21, 24, 27]

INFO:root:backgroundTask etap: 38

INFO:root:Умноженный на константу список: [294, 297, 300, 0, 3, 6, 9, 12, 15, 18, 21, 24, 27]

INFO:root:Умноженный на константу список: [294, 297, 300, 0, 3, 6, 9, 12, 15, 18, 21, 24, 27]

INFO:root:backgroundTask etap: 39

INFO:root:Умноженный на константу список: [294, 297, 300, 0, 3, 6, 9, 12, 15, 18, 21, 24, 27]

INFO:root:Умноженный на константу список: [294, 297, 300, 0, 3, 6, 9, 12, 15, 18, 21, 24, 27]

INFO:root:backgroundTask etap: 40

INFO:root:Умноженный на константу список: [294, 297, 300, 0, 3, 6, 9, 12, 15, 18, 21, 24, 27]

INFO:root:Умноженный на константу список: [294, 297, 300, 0, 3, 6, 9, 12, 15, 18, 21, 24, 27]

INFO:root:backgroundTask etap: 41

INFO:root:Умноженный на константу список: [294, 297, 300, 0, 3, 6, 9, 12, 15, 18, 21, 24, 27]

INFO:root:Умноженный на константу список: [294, 297, 300, 0, 3, 6, 9, 12, 15, 18, 21, 24, 27]

INFO:root:backgroundTask etap: 42

INFO:root:Умноженный на константу список: [294, 297, 300, 0, 3, 6, 9, 12, 15, 18, 21, 24, 27]

INFO:root:Умноженный на константу список: [294, 297, 300, 0, 3, 6, 9, 12, 15, 18, 21, 24, 27]

INFO:root:backgroundTask etap: 43

INFO:root:Умноженный на константу список: [294, 297, 300, 0, 3, 6, 9, 12, 15, 18, 21, 24, 27]

INFO:root:Умноженный на константу список: [294, 297, 300, 0, 3, 6, 9, 12, 15, 18, 21, 24, 27]

INFO:root:backgroundTask etap: 44

INFO:root:Умноженный на константу список: [294, 297, 300, 0, 3, 6, 9, 12, 15, 18, 21, 24, 27]

INFO:root:Умноженный на константу список: [294, 297, 300, 0, 3, 6, 9, 12, 15, 18, 21, 24, 27]

INFO:root:backgroundTask etap: 45

INFO:root:Умноженный на константу список: [294, 297, 300, 0, 3, 6, 9, 12, 15, 18, 21, 24, 27]

INFO:root:Умноженный на константу список: [294, 297, 300, 0, 3, 6, 9, 12, 15, 18, 21, 24, 27]

INFO:root:backgroundTask etap: 46

INFO:root:Умноженный на константу список: [294, 297, 300, 0, 3, 6, 9, 12, 15, 18, 21, 24, 27]

INFO:root:Умноженный на константу список: [294, 297, 300, 0, 3, 6, 9, 12, 15, 18, 21, 24, 27]

INFO:root:backgroundTask etap: 47

INFO:root:Умноженный на константу список: [294, 297, 300, 0, 3, 6, 9, 12, 15, 18, 21, 24, 27]

INFO:root:Умноженный на константу список: [294, 297, 300, 0, 3, 6, 9, 12, 15, 18, 21, 24, 27]

INFO:root:backgroundTask etap: 48

INFO:root:Умноженный на константу список: [294, 297, 300, 0, 3, 6, 9, 12, 15, 18, 21, 24, 27]

INFO:root:Умноженный на константу список: [294, 297, 300, 0, 3, 6, 9, 12, 15, 18, 21, 24, 27]

INFO:root:backgroundTask etap: 49

INFO:root:Умноженный на константу список: [294, 297, 300, 0, 3, 6, 9, 12, 15, 18, 21, 24, 27]

INFO:root:Умноженный на константу список: [294, 297, 300, 0, 3, 6, 9, 12, 15, 18, 21, 24, 27]

INFO:root:backgroundTask etap: 50

INFO:root:Умноженный на константу список: [294, 297, 300, 0, 3, 6, 9, 12, 15, 18, 21, 24, 27]

INFO:root:Умноженный на константу список: [294, 297, 300, 0, 3, 6, 9, 12, 15, 18, 21, 24, 27]

INFO:root:Умноженный на константу список: [294, 297, 300, 0, 3, 6, 9, 12, 15, 18, 21, 24, 27]

INFO:root:backgroundTask etap: 0

INFO:root:Умноженный на константу список: [294, 297, 300, 0, 3, 6, 9, 12, 15, 18, 21, 24, 27]

INFO:root:backgroundTask etap: 1

INFO:root:Умноженный на константу список: [294, 297, 300, 0, 3, 6, 9, 12, 15, 18, 21, 24, 27]

INFO:root:Умноженный на константу список: [294, 297, 300, 0, 3, 6, 9, 12, 15, 18, 21, 24, 27]

INFO:root:backgroundTask etap: 2

INFO:root:Умноженный на константу список: [294, 297, 300, 0, 3, 6, 9, 12, 15, 18, 21, 24, 27]

INFO:root:Умноженный на константу список: [294, 297, 300, 0, 3, 6, 9, 12, 15, 18, 21, 24, 27]

INFO:root:backgroundTask etap: 3

INFO:root:Умноженный на константу список: [294, 297, 300, 0, 3, 6, 9, 12, 15, 18, 21, 24, 27]

INFO:root:Умноженный на константу список: [294, 297, 300, 0, 3, 6, 9, 12, 15, 18, 21, 24, 27]

INFO:root:Умноженный на константу список: [294, 297, 300, 0, 3, 6, 9, 12, 15, 18, 21, 24, 27]

INFO:root:backgroundTask etap: 4

INFO:root:Умноженный на константу список: [294, 297, 300, 0, 3, 6, 9, 12, 15, 18, 21, 24, 27]

INFO:root:Умноженный на константу список: [294, 297, 300, 0, 3, 6, 9, 12, 15, 18, 21, 24, 27]

INFO:root:backgroundTask etap: 5

INFO:root:Умноженный на константу список: [294, 297, 300, 0, 3, 6, 9, 12, 15, 18, 21, 24, 27]

INFO:root:Умноженный на константу список: [294, 297, 300, 0, 3, 6, 9, 12, 15, 18, 21, 24, 27]

INFO:root:backgroundTask etap: 6

INFO:root:Умноженный на константу список: [294, 297, 300, 0, 3, 6, 9, 12, 15, 18, 21, 24, 27]

INFO:root:Умноженный на константу список: [294, 297, 300, 0, 3, 6, 9, 12, 15, 18, 21, 24, 27]

INFO:root:backgroundTask etap: 7

INFO:root:Умноженный на константу список: [294, 297, 300, 0, 3, 6, 9, 12, 15, 18, 21, 24, 27]

INFO:root:Умноженный на константу список: [294, 297, 300, 0, 3, 6, 9, 12, 15, 18, 21, 24, 27]

INFO:root:backgroundTask etap: 8

INFO:root:Умноженный на константу список: [294, 297, 300, 0, 3, 6, 9, 12, 15, 18, 21, 24, 27]

INFO:root:Умноженный на константу список: [294, 297, 300, 0, 3, 6, 9, 12, 15, 18, 21, 24, 27]

INFO:root:backgroundTask etap: 9

INFO:root:Умноженный на константу список: [294, 297, 300, 0, 3, 6, 9, 12, 15, 18, 21, 24, 27]

INFO:root:Умноженный на константу список: [294, 297, 300, 0, 3, 6, 9, 12, 15, 18, 21, 24, 27]

INFO:root:backgroundTask etap: 10

INFO:root:Умноженный на константу список: [294, 297, 300, 0, 3, 6, 9, 12, 15, 18, 21, 24, 27]

INFO:root:Умноженный на константу список: [294, 297, 300, 0, 3, 6, 9, 12, 15, 18, 21, 24, 27]

INFO:root:backgroundTask etap: 11

INFO:root:Умноженный на константу список: [294, 297, 300, 0, 3, 6, 9, 12, 15, 18, 21, 24, 27]

INFO:root:Умноженный на константу список: [294, 297, 300, 0, 3, 6, 9, 12, 15, 18, 21, 24, 27]

INFO:root:backgroundTask etap: 12

INFO:root:Умноженный на константу список: [294, 297, 300, 0, 3, 6, 9, 12, 15, 18, 21, 24, 27]

INFO:root:Умноженный на константу список: [294, 297, 300, 0, 3, 6, 9, 12, 15, 18, 21, 24, 27]

INFO:root:backgroundTask etap: 13

INFO:root:Умноженный на константу список: [294, 297, 300, 0, 3, 6, 9, 12, 15, 18, 21, 24, 27]

INFO:root:Умноженный на константу список: [294, 297, 300, 0, 3, 6, 9, 12, 15, 18, 21, 24, 27]

INFO:root:backgroundTask etap: 14

INFO:root:Умноженный на константу список: [294, 297, 300, 0, 3, 6, 9, 12, 15, 18, 21, 24, 27]

INFO:root:Умноженный на константу список: [294, 297, 300, 0, 3, 6, 9, 12, 15, 18, 21, 24, 27]

INFO:root:backgroundTask etap: 15

INFO:root:Умноженный на константу список: [294, 297, 300, 0, 3, 6, 9, 12, 15, 18, 21, 24, 27]

INFO:root:Умноженный на константу список: [294, 297, 300, 0, 3, 6, 9, 12, 15, 18, 21, 24, 27]

INFO:root:backgroundTask etap: 16

INFO:root:Умноженный на константу список: [294, 297, 300, 0, 3, 6, 9, 12, 15, 18, 21, 24, 27]

INFO:root:Умноженный на константу список: [294, 297, 300, 0, 3, 6, 9, 12, 15, 18, 21, 24, 27]

INFO:root:backgroundTask etap: 17

INFO:root:Умноженный на константу список: [294, 297, 300, 0, 3, 6, 9, 12, 15, 18, 21, 24, 27]

INFO:root:Умноженный на константу список: [294, 297, 300, 0, 3, 6, 9, 12, 15, 18, 21, 24, 27]

INFO:root:backgroundTask etap: 18

INFO:root:Умноженный на константу список: [294, 297, 300, 0, 3, 6, 9, 12, 15, 18, 21, 24, 27]

INFO:root:Умноженный на константу список: [294, 297, 300, 0, 3, 6, 9, 12, 15, 18, 21, 24, 27]

INFO:root:backgroundTask etap: 19

INFO:root:Умноженный на константу список: [294, 297, 300, 0, 3, 6, 9, 12, 15, 18, 21, 24, 27]

INFO:root:Умноженный на константу список: [294, 297, 300, 0, 3, 6, 9, 12, 15, 18, 21, 24, 27]

INFO:root:backgroundTask etap: 20

INFO:root:Умноженный на константу список: [294, 297, 300, 0, 3, 6, 9, 12, 15, 18, 21, 24, 27]

INFO:root:Умноженный на константу список: [294, 297, 300, 0, 3, 6, 9, 12, 15, 18, 21, 24, 27]

INFO:root:backgroundTask etap: 21

INFO:root:Умноженный на константу список: [294, 297, 300, 0, 3, 6, 9, 12, 15, 18, 21, 24, 27]

INFO:root:Умноженный на константу список: [294, 297, 300, 0, 3, 6, 9, 12, 15, 18, 21, 24, 27]

INFO:root:backgroundTask etap: 22

INFO:root:Умноженный на константу список: [294, 297, 300, 0, 3, 6, 9, 12, 15, 18, 21, 24, 27]

INFO:root:Умноженный на константу список: [294, 297, 300, 0, 3, 6, 9, 12, 15, 18, 21, 24, 27]

INFO:root:backgroundTask etap: 23

INFO:root:Умноженный на константу список: [294, 297, 300, 0, 3, 6, 9, 12, 15, 18, 21, 24, 27]

INFO:root:Умноженный на константу список: [294, 297, 300, 0, 3, 6, 9, 12, 15, 18, 21, 24, 27]

INFO:root:backgroundTask etap: 24

INFO:root:Умноженный на константу список: [294, 297, 300, 0, 3, 6, 9, 12, 15, 18, 21, 24, 27]

INFO:root:Умноженный на константу список: [294, 297, 300, 0, 3, 6, 9, 12, 15, 18, 21, 24, 27]

INFO:root:backgroundTask etap: 25

INFO:root:Умноженный на константу список: [294, 297, 300, 0, 3, 6, 9, 12, 15, 18, 21, 24, 27]

INFO:root:Умноженный на константу список: [294, 297, 300, 0, 3, 6, 9, 12, 15, 18, 21, 24, 27]

INFO:root:backgroundTask etap: 26

INFO:root:Умноженный на константу список: [294, 297, 300, 0, 3, 6, 9, 12, 15, 18, 21, 24, 27]

INFO:root:Умноженный на константу список: [294, 297, 300, 0, 3, 6, 9, 12, 15, 18, 21, 24, 27]

INFO:root:backgroundTask etap: 27

INFO:root:Умноженный на константу список: [294, 297, 300, 0, 3, 6, 9, 12, 15, 18, 21, 24, 27]

INFO:root:Умноженный на константу список: [294, 297, 300, 0, 3, 6, 9, 12, 15, 18, 21, 24, 27]

INFO:root:backgroundTask etap: 28

INFO:root:Умноженный на константу список: [294, 297, 300, 0, 3, 6, 9, 12, 15, 18, 21, 24, 27]

INFO:root:Умноженный на константу список: [294, 297, 300, 0, 3, 6, 9, 12, 15, 18, 21, 24, 27]

INFO:root:backgroundTask etap: 29

INFO:root:Умноженный на константу список: [294, 297, 300, 0, 3, 6, 9, 12, 15, 18, 21, 24, 27]

INFO:root:Умноженный на константу список: [294, 297, 300, 0, 3, 6, 9, 12, 15, 18, 21, 24, 27]

INFO:root:backgroundTask etap: 30

INFO:root:Умноженный на константу список: [294, 297, 300, 0, 3, 6, 9, 12, 15, 18, 21, 24, 27]

INFO:root:Умноженный на константу список: [294, 297, 300, 0, 3, 6, 9, 12, 15, 18, 21, 24, 27]

INFO:root:backgroundTask etap: 31

INFO:root:Умноженный на константу список: [294, 297, 300, 0, 3, 6, 9, 12, 15, 18, 21, 24, 27]

INFO:root:Умноженный на константу список: [294, 297, 300, 0, 3, 6, 9, 12, 15, 18, 21, 24, 27]

INFO:root:backgroundTask etap: 32

INFO:root:Умноженный на константу список: [294, 297, 300, 0, 3, 6, 9, 12, 15, 18, 21, 24, 27]

INFO:root:Умноженный на константу список: [294, 297, 300, 0, 3, 6, 9, 12, 15, 18, 21, 24, 27]

INFO:root:backgroundTask etap: 33

INFO:root:Умноженный на константу список: [294, 297, 300, 0, 3, 6, 9, 12, 15, 18, 21, 24, 27]

INFO:root:Умноженный на константу список: [294, 297, 300, 0, 3, 6, 9, 12, 15, 18, 21, 24, 27]

INFO:root:backgroundTask etap: 34

INFO:root:Умноженный на константу список: [294, 297, 300, 0, 3, 6, 9, 12, 15, 18, 21, 24, 27]

INFO:root:Умноженный на константу список: [294, 297, 300, 0, 3, 6, 9, 12, 15, 18, 21, 24, 27]

INFO:root:backgroundTask etap: 35

INFO:root:Умноженный на константу список: [294, 297, 300, 0, 3, 6, 9, 12, 15, 18, 21, 24, 27]

INFO:root:Умноженный на константу список: [294, 297, 300, 0, 3, 6, 9, 12, 15, 18, 21, 24, 27]

INFO:root:backgroundTask etap: 36

INFO:root:Умноженный на константу список: [294, 297, 300, 0, 3, 6, 9, 12, 15, 18, 21, 24, 27]

INFO:root:Умноженный на константу список: [294, 297, 300, 0, 3, 6, 9, 12, 15, 18, 21, 24, 27]

INFO:root:backgroundTask etap: 37

INFO:root:Умноженный на константу список: [294, 297, 300, 0, 3, 6, 9, 12, 15, 18, 21, 24, 27]

INFO:root:Умноженный на константу список: [294, 297, 300, 0, 3, 6, 9, 12, 15, 18, 21, 24, 27]

INFO:root:backgroundTask etap: 38

INFO:root:Умноженный на константу список: [294, 297, 300, 0, 3, 6, 9, 12, 15, 18, 21, 24, 27]

INFO:root:Умноженный на константу список: [294, 297, 300, 0, 3, 6, 9, 12, 15, 18, 21, 24, 27]

INFO:root:backgroundTask etap: 39

INFO:root:Умноженный на константу список: [294, 297, 300, 0, 3, 6, 9, 12, 15, 18, 21, 24, 27]

INFO:root:Умноженный на константу список: [294, 297, 300, 0, 3, 6, 9, 12, 15, 18, 21, 24, 27]

INFO:root:backgroundTask etap: 40

INFO:root:Умноженный на константу список: [294, 297, 300, 0, 3, 6, 9, 12, 15, 18, 21, 24, 27]

INFO:root:Умноженный на константу список: [294, 297, 300, 0, 3, 6, 9, 12, 15, 18, 21, 24, 27]

INFO:root:backgroundTask etap: 41

INFO:root:Умноженный на константу список: [294, 297, 300, 0, 3, 6, 9, 12, 15, 18, 21, 24, 27]

INFO:root:Умноженный на константу список: [294, 297, 300, 0, 3, 6, 9, 12, 15, 18, 21, 24, 27]

INFO:root:backgroundTask etap: 42

INFO:root:Умноженный на константу список: [294, 297, 300, 0, 3, 6, 9, 12, 15, 18, 21, 24, 27]

INFO:root:Умноженный на константу список: [294, 297, 300, 0, 3, 6, 9, 12, 15, 18, 21, 24, 27]

INFO:root:backgroundTask etap: 43

INFO:root:Умноженный на константу список: [294, 297, 300, 0, 3, 6, 9, 12, 15, 18, 21, 24, 27]

INFO:root:Умноженный на константу список: [294, 297, 300, 0, 3, 6, 9, 12, 15, 18, 21, 24, 27]

INFO:root:backgroundTask etap: 44

INFO:root:Умноженный на константу список: [294, 297, 300, 0, 3, 6, 9, 12, 15, 18, 21, 24, 27]

INFO:root:Умноженный на константу список: [294, 297, 300, 0, 3, 6, 9, 12, 15, 18, 21, 24, 27]

INFO:root:backgroundTask etap: 45

INFO:root:Умноженный на константу список: [294, 297, 300, 0, 3, 6, 9, 12, 15, 18, 21, 24, 27]

INFO:root:Умноженный на константу список: [294, 297, 300, 0, 3, 6, 9, 12, 15, 18, 21, 24, 27]

INFO:root:backgroundTask etap: 46

INFO:root:Умноженный на константу список: [294, 297, 300, 0, 3, 6, 9, 12, 15, 18, 21, 24, 27]

INFO:root:Умноженный на константу список: [294, 297, 300, 0, 3, 6, 9, 12, 15, 18, 21, 24, 27]

INFO:root:backgroundTask etap: 47

INFO:root:Умноженный на константу список: [294, 297, 300, 0, 3, 6, 9, 12, 15, 18, 21, 24, 27]

INFO:root:Умноженный на константу список: [294, 297, 300, 0, 3, 6, 9, 12, 15, 18, 21, 24, 27]

INFO:root:backgroundTask etap: 48

INFO:root:Умноженный на константу список: [294, 297, 300, 0, 3, 6, 9, 12, 15, 18, 21, 24, 27]

INFO:root:Умноженный на константу список: [294, 297, 300, 0, 3, 6, 9, 12, 15, 18, 21, 24, 27]

INFO:root:backgroundTask etap: 49

INFO:root:Умноженный на константу список: [294, 297, 300, 0, 3, 6, 9, 12, 15, 18, 21, 24, 27]

INFO:root:Умноженный на константу список: [294, 297, 300, 0, 3, 6, 9, 12, 15, 18, 21, 24, 27]

INFO:root:backgroundTask etap: 50

INFO:root:Умноженный на константу список: [294, 297, 300, 0, 3, 6, 9, 12, 15, 18, 21, 24, 27]

INFO:root:Умноженный на константу список: [294, 297, 300, 0, 3, 6, 9, 12, 15, 18, 21, 24, 27]

